proguard/seeds.txt
com.app.img_mic_helper.AboutActivity
com.app.img_mic_helper.AboutActivity: AboutActivity()
com.app.img_mic_helper.ImageProcessActivity
com.app.img_mic_helper.ImageProcessActivity: ImageProcessActivity()
com.app.img_mic_helper.MainActivity
com.app.img_mic_helper.MainActivity: MainActivity()
com.app.img_mic_helper.MusicPlayerActivity
com.app.img_mic_helper.MusicPlayerActivity: MusicPlayerActivity()
com.app.img_mic_helper.R$anim: int disc_rotate
com.app.img_mic_helper.R$anim: int progress_rotating
com.app.img_mic_helper.R$color: int aliceblue
com.app.img_mic_helper.R$color: int antiquewhite
com.app.img_mic_helper.R$color: int aqua
com.app.img_mic_helper.R$color: int aquamarine
com.app.img_mic_helper.R$color: int azure
com.app.img_mic_helper.R$color: int beige
com.app.img_mic_helper.R$color: int bisque
com.app.img_mic_helper.R$color: int black
com.app.img_mic_helper.R$color: int blanchedalmond
com.app.img_mic_helper.R$color: int blue
com.app.img_mic_helper.R$color: int blueviolet
com.app.img_mic_helper.R$color: int brown
com.app.img_mic_helper.R$color: int burlywood
com.app.img_mic_helper.R$color: int cadetblue
com.app.img_mic_helper.R$color: int chartreuse
com.app.img_mic_helper.R$color: int chocolate
com.app.img_mic_helper.R$color: int coral
com.app.img_mic_helper.R$color: int cornflowerblue
com.app.img_mic_helper.R$color: int cornsilk
com.app.img_mic_helper.R$color: int crimson
com.app.img_mic_helper.R$color: int cyan
com.app.img_mic_helper.R$color: int darkblue
com.app.img_mic_helper.R$color: int darkcyan
com.app.img_mic_helper.R$color: int darkgoldenrod
com.app.img_mic_helper.R$color: int darkgray
com.app.img_mic_helper.R$color: int darkgreen
com.app.img_mic_helper.R$color: int darkgrey
com.app.img_mic_helper.R$color: int darkkhaki
com.app.img_mic_helper.R$color: int darkmagenta
com.app.img_mic_helper.R$color: int darkolivegreen
com.app.img_mic_helper.R$color: int darkorange
com.app.img_mic_helper.R$color: int darkorchid
com.app.img_mic_helper.R$dimen: int activity_horizontal_margin
com.app.img_mic_helper.R$dimen: int activity_vertical_margin
com.app.img_mic_helper.R$drawable: int about
com.app.img_mic_helper.R$drawable: int album
com.app.img_mic_helper.R$drawable: int ban
com.app.img_mic_helper.R$drawable: int bubble
com.app.img_mic_helper.R$drawable: int buffering
com.app.img_mic_helper.R$drawable: int button
com.app.img_mic_helper.R$drawable: int camera
com.app.img_mic_helper.R$drawable: int frame
com.app.img_mic_helper.R$drawable: int ic_launcher
com.app.img_mic_helper.R$drawable: int icon
com.app.img_mic_helper.R$drawable: int image_return
com.app.img_mic_helper.R$drawable: int main_bg
com.app.img_mic_helper.R$drawable: int music
com.app.img_mic_helper.R$drawable: int music_background
com.app.img_mic_helper.R$drawable: int next
com.app.img_mic_helper.R$drawable: int progress_bar
com.app.img_mic_helper.R$drawable: int radio
com.app.img_mic_helper.R$drawable: int save
com.app.img_mic_helper.R$drawable: int slide
com.app.img_mic_helper.R$drawable: int start
com.app.img_mic_helper.R$drawable: int stop
com.app.img_mic_helper.R$drawable: int thumb
com.app.img_mic_helper.R$drawable: int wechat
...
android.support.v4.view.ViewPager$SavedState
android.support.v4.view.ViewPager$SavedState: android.os.Parcelable$Creator CREATOR
android.support.v4.widget.DrawerLayout: void setScrimColor(int)
android.support.v4.widget.DrawerLayout: void setDrawerListener(android.support.v4.widget.DrawerLayout$DrawerListener)
android.support.v4.widget.DrawerLayout: void setDrawerLockMode(int)
android.support.v4.widget.DrawerLayout: void setStatusBarBackground(android.graphics.drawable.Drawable)
android.support.v4.widget.DrawerLayout: void setStatusBarBackground(int)
android.support.v4.widget.DrawerLayout: void setStatusBarBackgroundColor(int)
android.support.v4.widget.DrawerLayout$SavedState
android.support.v4.widget.DrawerLayout$SavedState: android.os.Parcelable$Creator CREATOR
android.support.v4.widget.SlidingPaneLayout: void setParallaxDistance(int)
android.support.v4.widget.SlidingPaneLayout: int getParallaxDistance()
android.support.v4.widget.SlidingPaneLayout: void setSliderFadeColor(int)
android.support.v4.widget.SlidingPaneLayout: int getSliderFadeColor()
android.support.v4.widget.SlidingPaneLayout: void setCoveredFadeColor(int)
android.support.v4.widget.SlidingPaneLayout: int getCoveredFadeColor()
android.support.v4.widget.SlidingPaneLayout: void setPanelSlideListener(android.support.v4.widget.SlidingPaneLayout$PanelSlideListener)
android.support.v4.widget.SlidingPaneLayout: void setShadowDrawable(android.graphics.drawable.Drawable)
android.support.v4.widget.SlidingPaneLayout: void setShadowDrawableLeft(android.graphics.drawable.Drawable)
android.support.v4.widget.SlidingPaneLayout: void setShadowDrawableRight(android.graphics.drawable.Drawable)
android.support.v4.widget.SlidingPaneLayout: void setShadowResource(int)
android.support.v4.widget.SlidingPaneLayout: void setShadowResourceLeft(int)
android.support.v4.widget.SlidingPaneLayout: void setShadowResourceRight(int)
android.support.v4.widget.SlidingPaneLayout$SavedState
android.support.v4.widget.SlidingPaneLayout$SavedState: android.os.Parcelable$Creator CREATOR
android.support.v4.widget.SwipeRefreshLayout: void setColorViewAlpha(int)
android.support.v4.widget.SwipeRefreshLayout: void setSize(int)
android.support.v4.widget.SwipeRefreshLayout: void setOnRefreshListener(android.support.v4.widget.SwipeRefreshLayout$OnRefreshListener)
android.support.v4.widget.SwipeRefreshLayout: void setRefreshing(boolean)
android.support.v4.widget.SwipeRefreshLayout: void setAnimationProgress(float)
android.support.v4.widget.SwipeRefreshLayout: void setProgressBackgroundColor(int)
android.support.v4.widget.SwipeRefreshLayout: void setColorScheme(int[])
android.support.v4.widget.SwipeRefreshLayout: void setColorSchemeResources(int[])
android.support.v4.widget.SwipeRefreshLayout: void setColorSchemeColors(int[])
android.support.v4.widget.SwipeRefreshLayout: void setDistanceToTriggerSync(int)
com.tencent.mm.platformtools.SpellMap
com.tencent.mm.platformtools.SpellMap: java.lang.String spellGetJni(int,int)
com.tencent.mm.sdk.openapi.WXAppExtendObject
com.tencent.mm.sdk.openapi.WXAppExtendObject: java.lang.String extInfo
com.tencent.mm.sdk.openapi.WXAppExtendObject: java.lang.String filePath
com.tencent.mm.sdk.openapi.WXAppExtendObject: byte[] fileData
com.tencent.mm.sdk.openapi.WXAppExtendObject: WXAppExtendObject()
com.tencent.mm.sdk.openapi.WXAppExtendObject: WXAppExtendObject(java.lang.String,byte[])
com.tencent.mm.sdk.openapi.WXAppExtendObject: WXAppExtendObject(java.lang.String,java.lang.String)
com.tencent.mm.sdk.openapi.WXAppExtendObject: void serialize(android.os.Bundle)
com.tencent.mm.sdk.openapi.WXAppExtendObject: void unserialize(android.os.Bundle)
com.tencent.mm.sdk.openapi.WXAppExtendObject: int type()
com.tencent.mm.sdk.openapi.WXAppExtendObject: boolean checkArgs()