proguard/mapping.txt
com.app.img_mic_helper.AboutActivity -> com.app.img_mic_helper.AboutActivity:
    android.app.ActionBar actionBar -> a
    void onCreate(android.os.Bundle) -> onCreate
    boolean onOptionsItemSelected(android.view.MenuItem) -> onOptionsItemSelected
com.app.img_mic_helper.ImageProcessActivity -> com.app.img_mic_helper.ImageProcessActivity:
    android.widget.ImageView image -> b
    android.graphics.Bitmap bitmap -> c
    android.graphics.Bitmap destBitmap -> d
    android.graphics.Bitmap tempBitmap -> e
    java.lang.String filePath -> f
    java.util.List func_bar_items -> g
    int[] subfunc_bar_items -> h
    android.widget.GridView function_bar -> i
    android.widget.HorizontalScrollView subfunction_bar_container -> j
    android.widget.LinearLayout subfunction_bar -> k
    android.view.LayoutInflater mInflater -> l
    com.utils.Processor processor -> m
    android.app.ActionBar actionBar -> n
    android.view.Menu menu -> o
    java.lang.Boolean isProcess -> p
    com.custom_widget.FlowerProgressDialog mProgressDialog -> a
    android.widget.AdapterView$OnItemClickListener func_bar_item_clickListener -> q
    void onCreate(android.os.Bundle) -> onCreate
    void loadSubfuncbarContent() -> a
    void cleanBitmap() -> b
    int getCameraPhotoOrientation(java.lang.String) -> a
    boolean onCreateOptionsMenu(android.view.Menu) -> onCreateOptionsMenu
    boolean onOptionsItemSelected(android.view.MenuItem) -> onOptionsItemSelected
    void freshMenu() -> c
    void setIconEnable(android.view.Menu,boolean) -> a
    void access$0(com.app.img_mic_helper.ImageProcessActivity,int[]) -> a
    int[] access$1(com.app.img_mic_helper.ImageProcessActivity) -> a
com.app.img_mic_helper.ImageProcessActivity$1 -> com.app.img_mic_helper.a:
    com.app.img_mic_helper.ImageProcessActivity this$0 -> a
    void onItemClick(android.widget.AdapterView,android.view.View,int,long) -> onItemClick
com.app.img_mic_helper.ImageProcessActivity$2 -> com.app.img_mic_helper.b:
    com.app.img_mic_helper.ImageProcessActivity this$0 -> a
com.app.img_mic_helper.ImageProcessActivity$3 -> com.app.img_mic_helper.c:
    com.app.img_mic_helper.ImageProcessActivity this$0 -> a
    int val$methodId -> b
    void onClick(android.view.View) -> onClick
com.app.img_mic_helper.ImageProcessActivity$4 -> com.app.img_mic_helper.d:
    com.app.img_mic_helper.ImageProcessActivity this$0 -> a
    android.widget.EditText val$fileNameEditText -> b
    java.lang.String val$fileName -> c
    java.lang.String val$SDCardDir -> d
    void onClick(android.content.DialogInterface,int) -> onClick
com.app.img_mic_helper.ImageProcessActivity$5 -> com.app.img_mic_helper.e:
    com.app.img_mic_helper.ImageProcessActivity this$0 -> a
    void onClick(android.content.DialogInterface,int) -> onClick
com.app.img_mic_helper.ImageProcessActivity$processImageTask -> com.app.img_mic_helper.f:
    com.utils.Processor processor -> b
    android.app.Activity activity -> c
    com.app.img_mic_helper.ImageProcessActivity this$0 -> a
    void onPreExecute() -> onPreExecute
    android.graphics.Bitmap doInBackground(java.lang.Void[]) -> a
    void onPostExecute(android.graphics.Bitmap) -> a
    void onPostExecute(java.lang.Object) -> onPostExecute
    java.lang.Object doInBackground(java.lang.Object[]) -> doInBackground
...
android.support.v4.view.AccessibilityDelegateCompat$AccessibilityDelegateIcsImpl -> android.support.v4.view.b:
    java.lang.Object newAccessiblityDelegateDefaultImpl() -> a
android.support.v4.view.AccessibilityDelegateCompat$AccessibilityDelegateImpl -> android.support.v4.view.c:
    java.lang.Object newAccessiblityDelegateDefaultImpl() -> a
android.support.v4.view.AccessibilityDelegateCompat$AccessibilityDelegateJellyBeanImpl -> android.support.v4.view.d:
android.support.v4.view.AccessibilityDelegateCompat$AccessibilityDelegateStubImpl -> android.support.v4.view.e:
    java.lang.Object newAccessiblityDelegateDefaultImpl() -> a
android.support.v4.view.AccessibilityDelegateCompatIcs -> android.support.v4.view.f:
    java.lang.Object newAccessibilityDelegateDefaultImpl() -> a
android.support.v4.view.GravityCompat -> android.support.v4.view.g:
    android.support.v4.view.GravityCompat$GravityCompatImpl IMPL -> a
    int getAbsoluteGravity(int,int) -> a
android.support.v4.view.GravityCompat$GravityCompatImpl -> android.support.v4.view.h:
    int getAbsoluteGravity(int,int) -> a
android.support.v4.view.GravityCompat$GravityCompatImplBase -> android.support.v4.view.i:
    int getAbsoluteGravity(int,int) -> a
android.support.v4.view.GravityCompat$GravityCompatImplJellybeanMr1 -> android.support.v4.view.j:
    int getAbsoluteGravity(int,int) -> a
android.support.v4.view.GravityCompatJellybeanMr1 -> android.support.v4.view.k:
    int getAbsoluteGravity(int,int) -> a
android.support.v4.view.KeyEventCompat -> android.support.v4.view.l:
    android.support.v4.view.KeyEventCompat$KeyEventVersionImpl IMPL -> a
    boolean hasModifiers(android.view.KeyEvent,int) -> a
    boolean hasNoModifiers(android.view.KeyEvent) -> a
    void startTracking(android.view.KeyEvent) -> b
android.support.v4.view.KeyEventCompat$BaseKeyEventVersionImpl -> android.support.v4.view.m:
    int metaStateFilterDirectionalModifiers(int,int,int,int,int) -> a
    int normalizeMetaState(int) -> a
    boolean metaStateHasModifiers(int,int) -> a
    boolean metaStateHasNoModifiers(int) -> b
    void startTracking(android.view.KeyEvent) -> a
android.support.v4.view.KeyEventCompat$EclairKeyEventVersionImpl -> android.support.v4.view.n:
    void startTracking(android.view.KeyEvent) -> a
android.support.v4.view.KeyEventCompat$HoneycombKeyEventVersionImpl -> android.support.v4.view.o:
    int normalizeMetaState(int) -> a
    boolean metaStateHasModifiers(int,int) -> a
    boolean metaStateHasNoModifiers(int) -> b
android.support.v4.view.KeyEventCompat$KeyEventVersionImpl -> android.support.v4.view.p:
    boolean metaStateHasModifiers(int,int) -> a
    boolean metaStateHasNoModifiers(int) -> b
    void startTracking(android.view.KeyEvent) -> a
android.support.v4.view.KeyEventCompatEclair -> android.support.v4.view.q:
    void startTracking(android.view.KeyEvent) -> a
android.support.v4.view.KeyEventCompatHoneycomb -> android.support.v4.view.r:
    int normalizeMetaState(int) -> a
    boolean metaStateHasModifiers(int,int) -> a
    boolean metaStateHasNoModifiers(int) -> b
android.support.v4.view.MotionEventCompat -> android.support.v4.view.s:
    android.support.v4.view.MotionEventCompat$MotionEventVersionImpl IMPL -> a
    int getActionMasked(android.view.MotionEvent) -> a
    int getActionIndex(android.view.MotionEvent) -> b
    int findPointerIndex(android.view.MotionEvent,int) -> a
    int getPointerId(android.view.MotionEvent,int) -> b
    float getX(android.view.MotionEvent,int) -> c
    float getY(android.view.MotionEvent,int) -> d
    int getPointerCount(android.view.MotionEvent) -> c