proguard/usage.txt
com.app.img_mic_helper.BuildConfig
com.app.img_mic_helper.R
com.app.img_mic_helper.R$anim
com.app.img_mic_helper.R$attr
com.app.img_mic_helper.R$color
com.app.img_mic_helper.R$dimen
com.app.img_mic_helper.R$drawable
com.app.img_mic_helper.R$id
com.app.img_mic_helper.R$layout
com.app.img_mic_helper.R$menu
com.app.img_mic_helper.R$string
com.app.img_mic_helper.R$style
...
android.support.v4.view.ViewCompat$OverScroll
android.support.v4.view.ViewCompat$ResolvedLayoutDirectionMode
android.support.v4.view.ViewCompat$ViewCompatImpl:
    public abstract boolean canScrollVertically(android.view.View,int)
    public abstract void setOverScrollMode(android.view.View,int)
    public abstract void onInitializeAccessibilityEvent(android.view.View,android.view.accessibility.AccessibilityEvent)
    public abstract void onPopulateAccessibilityEvent(android.view.View,android.view.accessibility.AccessibilityEvent)
    public abstract void onInitializeAccessibilityNodeInfo(android.view.View,android.support.v4.view.accessibility.AccessibilityNodeInfoCompat)
    public abstract boolean hasAccessibilityDelegate(android.view.View)
    public abstract boolean hasTransientState(android.view.View)
    public abstract void setHasTransientState(android.view.View,boolean)
    public abstract void postOnAnimationDelayed(android.view.View,java.lang.Runnable,long)
    public abstract int getImportantForAccessibility(android.view.View)
    public abstract boolean performAccessibilityAction(android.view.View,int,android.os.Bundle)
    public abstract android.support.v4.view.accessibility.AccessibilityNodeProviderCompat getAccessibilityNodeProvider(android.view.View)
    public abstract float getAlpha(android.view.View)
    public abstract int getLabelFor(android.view.View)
    public abstract void setLabelFor(android.view.View,int)
    public abstract void setLayoutDirection(android.view.View,int)
android.support.v4.view.ViewCompatApi21
android.support.v4.view.ViewCompatApi21$1
android.support.v4.view.ViewCompatEclairMr1:
    public static final java.lang.String TAG
    private static java.lang.reflect.Method sChildrenDrawingOrderMethod
    27:27:ViewCompatEclairMr1()
    37:55:public static void setChildrenDrawingOrderEnabled(android.view.ViewGroup,boolean)
android.support.v4.view.ViewCompatGingerbread:
    21:21:ViewCompatGingerbread()
    27:28:public static void setOverScrollMode(android.view.View,int)
android.support.v4.view.ViewCompatHC:
    23:23:ViewCompatHC()
    29:29:public static float getAlpha(android.view.View)
    41:41:public static int resolveSizeAndState(int,int,int)
    45:45:public static int getMeasuredWidthAndState(android.view.View)
    49:49:public static int getMeasuredHeightAndState(android.view.View)
    53:53:public static int getMeasuredState(android.view.View)
    57:57:public static float getTranslationX(android.view.View)
    61:61:public static float getTranslationY(android.view.View)
    65:65:public static float getX(android.view.View)
    69:69:public static float getY(android.view.View)
    73:73:public static float getRotation(android.view.View)
    77:77:public static float getRotationX(android.view.View)
    81:81:public static float getRotationY(android.view.View)
    85:85:public static float getScaleX(android.view.View)
    89:89:public static float getScaleY(android.view.View)
    93:94:public static void setTranslationX(android.view.View,float)
    97:98:public static void setTranslationY(android.view.View,float)
    101:102:public static void setAlpha(android.view.View,float)
    105:106:public static void setX(android.view.View,float)
    109:110:public static void setY(android.view.View,float)
    113:114:public static void setRotation(android.view.View,float)
    117:118:public static void setRotationX(android.view.View,float)
    121:122:public static void setRotationY(android.view.View,float)